<?xml version="1.0" encoding="UTF-8"?>
<!-- Generated by org.testng.reporters.JUnitXMLReporter -->
<testsuite ignored="0" hostname="Siddharthas-MacBook-Air.local" failures="0" tests="7" name="Surefire test" time="15.314" errors="0" timestamp="2025-05-06T03:42:18 IST">
  <testcase classname="com.pwj.saucedemo.tests.Orderplaced_tests.VisualUserOrderTest" name="testVisualUserOrderFlow" time="0.46"/>
  <testcase classname="com.pwj.saucedemo.tests.Orderplaced_tests.StandardUserOrderTest" name="testStandardUserOrderFlow" time="0.428"/>
  <testcase classname="com.pwj.saucedemo.Regressiontests.CheckoutFlowTest" name="testCancelFromOverviewStep" time="0.347"/>
  <testcase classname="com.pwj.saucedemo.Regressiontests.CheckoutFlowTest" name="testCancelFromStepOne" time="0.266"/>
  <testcase classname="com.pwj.saucedemo.Regressiontests.CheckoutFlowTest" name="testFullCheckoutFlow" time="0.405"/>
  <testcase classname="com.pwj.saucedemo.Regressiontests.AddToCartTest" name="testAddFirstProductToCart" time="0.158"/>
  <testcase classname="com.pwj.saucedemo.Regressiontests.SauceDemoInvalidLoginTest" name="testInvalidLoginShowsErrorMessage" time="0.077"/>
</testsuite> <!-- Surefire test -->
