<?xml version="1.0" encoding="UTF-8"?>
<!-- Generated by org.testng.reporters.JUnitXMLReporter -->
<testsuite ignored="0" hostname="Siddharthas-MacBook-Air.local" failures="0" tests="2" name="Surefire test" time="5.062" errors="0" timestamp="2025-05-01T11:45:26 IST">
  <testcase classname="com.pwj.saucedemo.tests.AddToCartTest" name="testAddFirstProductToCart" time="0.201"/>
  <testcase classname="com.pwj.saucedemo.tests.SauceDemoInvalidLoginTest" name="testInvalidLoginShowsErrorMessage" time="0.087"/>
</testsuite> <!-- Surefire test -->
