<?xml version="1.0" encoding="UTF-8"?>
<!-- Generated by org.testng.reporters.JUnitXMLReporter -->
<testsuite ignored="0" hostname="Siddharthas-MacBook-Air.local" failures="0" tests="11" name="Login and Checkout Tests" time="23.393" errors="0" timestamp="2025-08-15T12:31:22 IST">
  <testcase classname="com.pwj.saucedemo.Regressiontests.SauceDemoStandardUserLogin" name="testStandardUserLogin" time="0.166"/>
  <testcase classname="com.pwj.saucedemo.Regressiontests.SauceDemoInvalidLoginTest" name="testInvalidLoginShowsErrorMessage" time="0.121"/>
  <testcase classname="com.pwj.saucedemo.Regressiontests.AddToCartTest" name="testAddFirstProductToCart" time="0.229"/>
  <testcase classname="com.pwj.saucedemo.Regressiontests.LoginScenariosDifferentUsers" name="testStandardUserLogin" time="0.114"/>
  <testcase classname="com.pwj.saucedemo.Regressiontests.LoginScenariosDifferentUsers" name="testLockedOutUserLogin" time="0.116"/>
  <testcase classname="com.pwj.saucedemo.Regressiontests.LoginScenariosDifferentUsers" name="testProblemUserLogin" time="0.115"/>
  <testcase classname="com.pwj.saucedemo.Regressiontests.LoginScenariosDifferentUsers" name="testPerformanceGlitchUserLogin" time="6.624"/>
  <testcase classname="com.pwj.saucedemo.Regressiontests.LoginScenariosDifferentUsers" name="testInvalidUserLogin" time="0.106"/>
  <testcase classname="com.pwj.saucedemo.Regressiontests.CheckoutFlowTest" name="testCancelFromOverviewStep" time="0.297"/>
  <testcase classname="com.pwj.saucedemo.Regressiontests.CheckoutFlowTest" name="testCancelFromStepOne" time="0.263"/>
  <testcase classname="com.pwj.saucedemo.Regressiontests.CheckoutFlowTest" name="testFullCheckoutFlow" time="0.345"/>
</testsuite> <!-- Login and Checkout Tests -->
