<?xml version="1.0" encoding="UTF-8"?>
<!-- Generated by org.testng.reporters.JUnitXMLReporter -->
<testsuite ignored="0" hostname="Siddharthas-MacBook-Air.local" failures="0" tests="2" name="Login Tests" time="6.29" errors="0" timestamp="2025-05-01T02:25:12 IST">
  <testcase classname="com.pwj.saucedemo.tests.SauceDemoStandardUserLogin" name="testStandardUserLogin" time="0.133"/>
  <testcase classname="com.pwj.saucedemo.tests.SauceDemoInvalidLoginTest" name="testInvalidLoginShowsErrorMessage" time="0.114"/>
</testsuite> <!-- Login Tests -->
