<?xml version="1.0" encoding="UTF-8"?>
<!-- Generated by org.testng.reporters.JUnitXMLReporter -->
<testsuite ignored="0" hostname="Siddharthas-MacBook-Air.local" failures="0" tests="10" name="Login and Cart Tests" time="25.263" errors="0" timestamp="2025-05-02T02:37:51 IST">
  <testcase classname="com.pwj.saucedemo.tests.SauceDemoStandardUserLogin" name="testStandardUserLogin" time="0.117"/>
  <testcase classname="com.pwj.saucedemo.tests.SauceDemoInvalidLoginTest" name="testInvalidLoginShowsErrorMessage" time="0.094"/>
  <testcase classname="com.pwj.saucedemo.tests.AddToCartTest" name="testAddFirstProductToCart" time="0.178"/>
  <testcase classname="com.pwj.saucedemo.tests.LoginScenariosDifferentUsers" name="testStandardUserLogin" time="0.102"/>
  <testcase classname="com.pwj.saucedemo.tests.LoginScenariosDifferentUsers" name="testLockedOutUserLogin" time="0.073"/>
  <testcase classname="com.pwj.saucedemo.tests.LoginScenariosDifferentUsers" name="testProblemUserLogin" time="0.102"/>
  <testcase classname="com.pwj.saucedemo.tests.LoginScenariosDifferentUsers" name="testPerformanceGlitchUserLogin" time="6.591"/>
  <testcase classname="com.pwj.saucedemo.tests.LoginScenariosDifferentUsers" name="testInvalidUserLogin" time="0.079"/>
  <testcase classname="com.pwj.saucedemo.tests.CheckoutTest" name="testCancelCheckoutFlow" time="0.255"/>
  <testcase classname="com.pwj.saucedemo.tests.CheckoutTest" name="testValidCheckoutFlow" time="0.276"/>
</testsuite> <!-- Login and Cart Tests -->
