<?xml version="1.0" encoding="UTF-8"?>
<!-- Generated by org.testng.reporters.JUnitXMLReporter -->
<testsuite ignored="0" hostname="Siddharthas-MacBook-Air.local" failures="0" tests="11" name="Login and Checkout Tests" time="26.141" errors="0" timestamp="2025-05-13T22:41:30 IST">
  <testcase classname="com.pwj.saucedemo.Regressiontests.SauceDemoStandardUserLogin" name="testStandardUserLogin" time="0.118"/>
  <testcase classname="com.pwj.saucedemo.Regressiontests.SauceDemoInvalidLoginTest" name="testInvalidLoginShowsErrorMessage" time="0.104"/>
  <testcase classname="com.pwj.saucedemo.Regressiontests.AddToCartTest" name="testAddFirstProductToCart" time="0.247"/>
  <testcase classname="com.pwj.saucedemo.Regressiontests.LoginScenariosDifferentUsers" name="testStandardUserLogin" time="0.084"/>
  <testcase classname="com.pwj.saucedemo.Regressiontests.LoginScenariosDifferentUsers" name="testLockedOutUserLogin" time="0.127"/>
  <testcase classname="com.pwj.saucedemo.Regressiontests.LoginScenariosDifferentUsers" name="testProblemUserLogin" time="0.088"/>
  <testcase classname="com.pwj.saucedemo.Regressiontests.LoginScenariosDifferentUsers" name="testPerformanceGlitchUserLogin" time="6.609"/>
  <testcase classname="com.pwj.saucedemo.Regressiontests.LoginScenariosDifferentUsers" name="testInvalidUserLogin" time="0.086"/>
  <testcase classname="com.pwj.saucedemo.Regressiontests.CheckoutFlowTest" name="testCancelFromOverviewStep" time="0.494"/>
  <testcase classname="com.pwj.saucedemo.Regressiontests.CheckoutFlowTest" name="testCancelFromStepOne" time="0.38"/>
  <testcase classname="com.pwj.saucedemo.Regressiontests.CheckoutFlowTest" name="testFullCheckoutFlow" time="0.509"/>
</testsuite> <!-- Login and Checkout Tests -->
