<?xml version="1.0" encoding="UTF-8"?>
<!-- Generated by org.testng.reporters.JUnitXMLReporter -->
<testsuite ignored="0" hostname="Siddharthas-MacBook-Air.local" failures="0" tests="2" name="Order Placement Tests" time="4.461" errors="0" timestamp="2025-08-12T01:09:44 IST">
  <testcase classname="com.pwj.saucedemo.tests.Orderplaced_tests.StandardUserOrderTest" name="testStandardUserOrderFlow" time="0.443"/>
  <testcase classname="com.pwj.saucedemo.tests.Orderplaced_tests.VisualUserOrderTest" name="testVisualUserOrderFlow" time="0.446"/>
</testsuite> <!-- Order Placement Tests -->
