<?xml version="1.0" encoding="UTF-8"?>
<!-- Generated by org.testng.reporters.JUnitXMLReporter -->
<testsuite ignored="0" hostname="Siddharthas-MacBook-Air.local" failures="0" tests="5" name="Default test" time="17.321" errors="0" timestamp="2025-05-04T10:53:32 IST">
  <testcase classname="com.pwj.saucedemo.Regressiontests.LoginScenariosDifferentUsers" name="testInvalidUserLogin" time="0.095"/>
  <testcase classname="com.pwj.saucedemo.Regressiontests.LoginScenariosDifferentUsers" name="testLockedOutUserLogin" time="0.078"/>
  <testcase classname="com.pwj.saucedemo.Regressiontests.LoginScenariosDifferentUsers" name="testPerformanceGlitchUserLogin" time="6.597"/>
  <testcase classname="com.pwj.saucedemo.Regressiontests.LoginScenariosDifferentUsers" name="testProblemUserLogin" time="0.085"/>
  <testcase classname="com.pwj.saucedemo.Regressiontests.LoginScenariosDifferentUsers" name="testStandardUserLogin" time="0.08"/>
</testsuite> <!-- Default test -->
