<?xml version="1.0" encoding="UTF-8"?>
<testng-results ignored="0" total="7" passed="7" failed="0" skipped="0">
  <reporter-output>
  </reporter-output>
  <suite started-at="2025-05-06T03:42:03 IST" name="Surefire suite" finished-at="2025-05-06T03:42:18 IST" duration-ms="15314">
    <groups>
    </groups>
    <test started-at="2025-05-06T03:42:03 IST" name="Surefire test" finished-at="2025-05-06T03:42:18 IST" duration-ms="15314">
      <class name="com.pwj.saucedemo.Regressiontests.SauceDemoInvalidLoginTest">
        <test-method is-config="true" signature="setUp(java.lang.reflect.Method)[pri:0, instance:com.pwj.saucedemo.Regressiontests.SauceDemoInvalidLoginTest@27ae2fd0]" started-at="2025-05-06T03:42:16 IST" name="setUp" finished-at="2025-05-06T03:42:18 IST" duration-ms="1363" status="PASS">
          <params>
            <param index="0">
              <value>
                <![CDATA[public void com.pwj.saucedemo.Regressiontests.SauceDemoInvalidLoginTest.testInvalidLoginShowsErrorMessage()]]>
              </value>
            </param>
          </params>
          <reporter-output>
          </reporter-output>
        </test-method> <!-- setUp -->
        <test-method signature="testInvalidLoginShowsErrorMessage()[pri:0, instance:com.pwj.saucedemo.Regressiontests.SauceDemoInvalidLoginTest@27ae2fd0]" started-at="2025-05-06T03:42:18 IST" name="testInvalidLoginShowsErrorMessage" finished-at="2025-05-06T03:42:18 IST" duration-ms="77" status="PASS">
          <reporter-output>
          </reporter-output>
        </test-method> <!-- testInvalidLoginShowsErrorMessage -->
        <test-method is-config="true" signature="tearDown(org.testng.ITestResult)[pri:0, instance:com.pwj.saucedemo.Regressiontests.SauceDemoInvalidLoginTest@27ae2fd0]" started-at="2025-05-06T03:42:18 IST" name="tearDown" finished-at="2025-05-06T03:42:18 IST" duration-ms="172" status="PASS">
          <params>
            <param index="0">
              <value>
                <![CDATA[[TestResult name=testInvalidLoginShowsErrorMessage status=SUCCESS method=SauceDemoInvalidLoginTest.testInvalidLoginShowsErrorMessage()[pri:0, instance:com.pwj.saucedemo.Regressiontests.SauceDemoInvalidLoginTest@27ae2fd0] output={null}]]]>
              </value>
            </param>
          </params>
          <reporter-output>
          </reporter-output>
        </test-method> <!-- tearDown -->
      </class> <!-- com.pwj.saucedemo.Regressiontests.SauceDemoInvalidLoginTest -->
      <class name="com.pwj.saucedemo.Regressiontests.AddToCartTest">
        <test-method is-config="true" signature="setUp(java.lang.reflect.Method)[pri:0, instance:com.pwj.saucedemo.Regressiontests.AddToCartTest@2928854b]" started-at="2025-05-06T03:42:15 IST" name="setUp" finished-at="2025-05-06T03:42:16 IST" duration-ms="1372" status="PASS">
          <params>
            <param index="0">
              <value>
                <![CDATA[public void com.pwj.saucedemo.Regressiontests.AddToCartTest.testAddFirstProductToCart()]]>
              </value>
            </param>
          </params>
          <reporter-output>
          </reporter-output>
        </test-method> <!-- setUp -->
        <test-method signature="testAddFirstProductToCart()[pri:0, instance:com.pwj.saucedemo.Regressiontests.AddToCartTest@2928854b]" started-at="2025-05-06T03:42:16 IST" name="testAddFirstProductToCart" finished-at="2025-05-06T03:42:16 IST" duration-ms="158" status="PASS">
          <reporter-output>
          </reporter-output>
        </test-method> <!-- testAddFirstProductToCart -->
        <test-method is-config="true" signature="tearDown(org.testng.ITestResult)[pri:0, instance:com.pwj.saucedemo.Regressiontests.AddToCartTest@2928854b]" started-at="2025-05-06T03:42:16 IST" name="tearDown" finished-at="2025-05-06T03:42:16 IST" duration-ms="168" status="PASS">
          <params>
            <param index="0">
              <value>
                <![CDATA[[TestResult name=testAddFirstProductToCart status=SUCCESS method=AddToCartTest.testAddFirstProductToCart()[pri:0, instance:com.pwj.saucedemo.Regressiontests.AddToCartTest@2928854b] output={null}]]]>
              </value>
            </param>
          </params>
          <reporter-output>
          </reporter-output>
        </test-method> <!-- tearDown -->
      </class> <!-- com.pwj.saucedemo.Regressiontests.AddToCartTest -->
      <class name="com.pwj.saucedemo.Regressiontests.CheckoutFlowTest">
        <test-method is-config="true" signature="setUp(java.lang.reflect.Method)[pri:0, instance:com.pwj.saucedemo.Regressiontests.CheckoutFlowTest@12d4bf7e]" started-at="2025-05-06T03:42:09 IST" name="setUp" finished-at="2025-05-06T03:42:10 IST" duration-ms="1394" status="PASS">
          <params>
            <param index="0">
              <value>
                <![CDATA[public void com.pwj.saucedemo.Regressiontests.CheckoutFlowTest.testCancelFromOverviewStep()]]>
              </value>
            </param>
          </params>
          <reporter-output>
          </reporter-output>
        </test-method> <!-- setUp -->
        <test-method signature="testCancelFromOverviewStep()[pri:0, instance:com.pwj.saucedemo.Regressiontests.CheckoutFlowTest@12d4bf7e]" started-at="2025-05-06T03:42:10 IST" name="testCancelFromOverviewStep" description="Cancel from overview page should return to inventory" finished-at="2025-05-06T03:42:11 IST" duration-ms="347" status="PASS">
          <reporter-output>
          </reporter-output>
        </test-method> <!-- testCancelFromOverviewStep -->
        <test-method is-config="true" signature="tearDown(org.testng.ITestResult)[pri:0, instance:com.pwj.saucedemo.Regressiontests.CheckoutFlowTest@12d4bf7e]" started-at="2025-05-06T03:42:11 IST" name="tearDown" finished-at="2025-05-06T03:42:11 IST" duration-ms="219" status="PASS">
          <params>
            <param index="0">
              <value>
                <![CDATA[[TestResult name=testCancelFromOverviewStep status=SUCCESS method=CheckoutFlowTest.testCancelFromOverviewStep()[pri:0, instance:com.pwj.saucedemo.Regressiontests.CheckoutFlowTest@12d4bf7e] output={null}]]]>
              </value>
            </param>
          </params>
          <reporter-output>
          </reporter-output>
        </test-method> <!-- tearDown -->
        <test-method is-config="true" signature="setUp(java.lang.reflect.Method)[pri:0, instance:com.pwj.saucedemo.Regressiontests.CheckoutFlowTest@12d4bf7e]" started-at="2025-05-06T03:42:11 IST" name="setUp" finished-at="2025-05-06T03:42:12 IST" duration-ms="1380" status="PASS">
          <params>
            <param index="0">
              <value>
                <![CDATA[public void com.pwj.saucedemo.Regressiontests.CheckoutFlowTest.testCancelFromStepOne()]]>
              </value>
            </param>
          </params>
          <reporter-output>
          </reporter-output>
        </test-method> <!-- setUp -->
        <test-method signature="testCancelFromStepOne()[pri:0, instance:com.pwj.saucedemo.Regressiontests.CheckoutFlowTest@12d4bf7e]" started-at="2025-05-06T03:42:12 IST" name="testCancelFromStepOne" description="Cancel from Step One should return to cart page" finished-at="2025-05-06T03:42:13 IST" duration-ms="266" status="PASS">
          <reporter-output>
          </reporter-output>
        </test-method> <!-- testCancelFromStepOne -->
        <test-method is-config="true" signature="tearDown(org.testng.ITestResult)[pri:0, instance:com.pwj.saucedemo.Regressiontests.CheckoutFlowTest@12d4bf7e]" started-at="2025-05-06T03:42:13 IST" name="tearDown" finished-at="2025-05-06T03:42:13 IST" duration-ms="182" status="PASS">
          <params>
            <param index="0">
              <value>
                <![CDATA[[TestResult name=testCancelFromStepOne status=SUCCESS method=CheckoutFlowTest.testCancelFromStepOne()[pri:0, instance:com.pwj.saucedemo.Regressiontests.CheckoutFlowTest@12d4bf7e] output={null}]]]>
              </value>
            </param>
          </params>
          <reporter-output>
          </reporter-output>
        </test-method> <!-- tearDown -->
        <test-method is-config="true" signature="setUp(java.lang.reflect.Method)[pri:0, instance:com.pwj.saucedemo.Regressiontests.CheckoutFlowTest@12d4bf7e]" started-at="2025-05-06T03:42:13 IST" name="setUp" finished-at="2025-05-06T03:42:14 IST" duration-ms="1228" status="PASS">
          <params>
            <param index="0">
              <value>
                <![CDATA[public void com.pwj.saucedemo.Regressiontests.CheckoutFlowTest.testFullCheckoutFlow()]]>
              </value>
            </param>
          </params>
          <reporter-output>
          </reporter-output>
        </test-method> <!-- setUp -->
        <test-method signature="testFullCheckoutFlow()[pri:0, instance:com.pwj.saucedemo.Regressiontests.CheckoutFlowTest@12d4bf7e]" started-at="2025-05-06T03:42:14 IST" name="testFullCheckoutFlow" description="Complete checkout from cart to order confirmation" finished-at="2025-05-06T03:42:14 IST" duration-ms="405" status="PASS">
          <reporter-output>
          </reporter-output>
        </test-method> <!-- testFullCheckoutFlow -->
        <test-method is-config="true" signature="tearDown(org.testng.ITestResult)[pri:0, instance:com.pwj.saucedemo.Regressiontests.CheckoutFlowTest@12d4bf7e]" started-at="2025-05-06T03:42:14 IST" name="tearDown" finished-at="2025-05-06T03:42:15 IST" duration-ms="187" status="PASS">
          <params>
            <param index="0">
              <value>
                <![CDATA[[TestResult name=testFullCheckoutFlow status=SUCCESS method=CheckoutFlowTest.testFullCheckoutFlow()[pri:0, instance:com.pwj.saucedemo.Regressiontests.CheckoutFlowTest@12d4bf7e] output={null}]]]>
              </value>
            </param>
          </params>
          <reporter-output>
          </reporter-output>
        </test-method> <!-- tearDown -->
      </class> <!-- com.pwj.saucedemo.Regressiontests.CheckoutFlowTest -->
      <class name="com.pwj.saucedemo.tests.Orderplaced_tests.StandardUserOrderTest">
        <test-method is-config="true" signature="setUp(java.lang.reflect.Method)[pri:0, instance:com.pwj.saucedemo.tests.Orderplaced_tests.StandardUserOrderTest@14d3bc22]" started-at="2025-05-06T03:42:07 IST" name="setUp" finished-at="2025-05-06T03:42:08 IST" duration-ms="1404" status="PASS">
          <params>
            <param index="0">
              <value>
                <![CDATA[public void com.pwj.saucedemo.tests.Orderplaced_tests.StandardUserOrderTest.testStandardUserOrderFlow()]]>
              </value>
            </param>
          </params>
          <reporter-output>
          </reporter-output>
        </test-method> <!-- setUp -->
        <test-method signature="testStandardUserOrderFlow()[pri:0, instance:com.pwj.saucedemo.tests.Orderplaced_tests.StandardUserOrderTest@14d3bc22]" started-at="2025-05-06T03:42:08 IST" name="testStandardUserOrderFlow" description="Regression test for standard_user to place a full order successfully" finished-at="2025-05-06T03:42:09 IST" duration-ms="428" status="PASS">
          <reporter-output>
          </reporter-output>
        </test-method> <!-- testStandardUserOrderFlow -->
        <test-method is-config="true" signature="tearDown(org.testng.ITestResult)[pri:0, instance:com.pwj.saucedemo.tests.Orderplaced_tests.StandardUserOrderTest@14d3bc22]" started-at="2025-05-06T03:42:09 IST" name="tearDown" finished-at="2025-05-06T03:42:09 IST" duration-ms="196" status="PASS">
          <params>
            <param index="0">
              <value>
                <![CDATA[[TestResult name=testStandardUserOrderFlow status=SUCCESS method=StandardUserOrderTest.testStandardUserOrderFlow()[pri:0, instance:com.pwj.saucedemo.tests.Orderplaced_tests.StandardUserOrderTest@14d3bc22] output={null}]]]>
              </value>
            </param>
          </params>
          <reporter-output>
          </reporter-output>
        </test-method> <!-- tearDown -->
      </class> <!-- com.pwj.saucedemo.tests.Orderplaced_tests.StandardUserOrderTest -->
      <class name="com.pwj.saucedemo.tests.Orderplaced_tests.VisualUserOrderTest">
        <test-method is-config="true" signature="setUp(java.lang.reflect.Method)[pri:0, instance:com.pwj.saucedemo.tests.Orderplaced_tests.VisualUserOrderTest@11dc3715]" started-at="2025-05-06T03:42:03 IST" name="setUp" finished-at="2025-05-06T03:42:06 IST" duration-ms="3571" status="PASS">
          <params>
            <param index="0">
              <value>
                <![CDATA[public void com.pwj.saucedemo.tests.Orderplaced_tests.VisualUserOrderTest.testVisualUserOrderFlow()]]>
              </value>
            </param>
          </params>
          <reporter-output>
          </reporter-output>
        </test-method> <!-- setUp -->
        <test-method signature="testVisualUserOrderFlow()[pri:0, instance:com.pwj.saucedemo.tests.Orderplaced_tests.VisualUserOrderTest@11dc3715]" started-at="2025-05-06T03:42:06 IST" name="testVisualUserOrderFlow" description="Regression test for visual_user to complete an order successfully" finished-at="2025-05-06T03:42:07 IST" duration-ms="460" status="PASS">
          <reporter-output>
          </reporter-output>
        </test-method> <!-- testVisualUserOrderFlow -->
        <test-method is-config="true" signature="tearDown(org.testng.ITestResult)[pri:0, instance:com.pwj.saucedemo.tests.Orderplaced_tests.VisualUserOrderTest@11dc3715]" started-at="2025-05-06T03:42:07 IST" name="tearDown" finished-at="2025-05-06T03:42:07 IST" duration-ms="314" status="PASS">
          <params>
            <param index="0">
              <value>
                <![CDATA[[TestResult name=testVisualUserOrderFlow status=SUCCESS method=VisualUserOrderTest.testVisualUserOrderFlow()[pri:0, instance:com.pwj.saucedemo.tests.Orderplaced_tests.VisualUserOrderTest@11dc3715] output={null}]]]>
              </value>
            </param>
          </params>
          <reporter-output>
          </reporter-output>
        </test-method> <!-- tearDown -->
      </class> <!-- com.pwj.saucedemo.tests.Orderplaced_tests.VisualUserOrderTest -->
    </test> <!-- Surefire test -->
  </suite> <!-- Surefire suite -->
</testng-results>
