<?xml version="1.0" encoding="UTF-8"?>
<testng-results ignored="0" total="2" passed="2" failed="0" skipped="0">
  <reporter-output>
  </reporter-output>
  <suite started-at="2025-05-01T11:45:21 IST" name="Surefire suite" finished-at="2025-05-01T11:45:26 IST" duration-ms="5062">
    <groups>
    </groups>
    <test started-at="2025-05-01T11:45:21 IST" name="Surefire test" finished-at="2025-05-01T11:45:26 IST" duration-ms="5062">
      <class name="com.pwj.saucedemo.tests.AddToCartTest">
        <test-method is-config="true" signature="setUp()[pri:0, instance:com.pwj.saucedemo.tests.AddToCartTest@327b636c]" started-at="2025-05-01T11:45:21 IST" name="setUp" finished-at="2025-05-01T11:45:24 IST" duration-ms="3307" status="PASS">
          <reporter-output>
          </reporter-output>
        </test-method> <!-- setUp -->
        <test-method signature="testAddFirstProductToCart()[pri:0, instance:com.pwj.saucedemo.tests.AddToCartTest@327b636c]" started-at="2025-05-01T11:45:24 IST" name="testAddFirstProductToCart" finished-at="2025-05-01T11:45:24 IST" duration-ms="201" status="PASS">
          <reporter-output>
          </reporter-output>
        </test-method> <!-- testAddFirstProductToCart -->
        <test-method is-config="true" signature="tearDown()[pri:0, instance:com.pwj.saucedemo.tests.AddToCartTest@327b636c]" started-at="2025-05-01T11:45:24 IST" name="tearDown" finished-at="2025-05-01T11:45:24 IST" duration-ms="109" status="PASS">
          <reporter-output>
          </reporter-output>
        </test-method> <!-- tearDown -->
      </class> <!-- com.pwj.saucedemo.tests.AddToCartTest -->
      <class name="com.pwj.saucedemo.tests.SauceDemoInvalidLoginTest">
        <test-method is-config="true" signature="setUp()[pri:0, instance:com.pwj.saucedemo.tests.SauceDemoInvalidLoginTest@78e94dcf]" started-at="2025-05-01T11:45:24 IST" name="setUp" finished-at="2025-05-01T11:45:25 IST" duration-ms="1233" status="PASS">
          <reporter-output>
          </reporter-output>
        </test-method> <!-- setUp -->
        <test-method signature="testInvalidLoginShowsErrorMessage()[pri:0, instance:com.pwj.saucedemo.tests.SauceDemoInvalidLoginTest@78e94dcf]" started-at="2025-05-01T11:45:25 IST" name="testInvalidLoginShowsErrorMessage" finished-at="2025-05-01T11:45:26 IST" duration-ms="87" status="PASS">
          <reporter-output>
          </reporter-output>
        </test-method> <!-- testInvalidLoginShowsErrorMessage -->
        <test-method is-config="true" signature="tearDown()[pri:0, instance:com.pwj.saucedemo.tests.SauceDemoInvalidLoginTest@78e94dcf]" started-at="2025-05-01T11:45:26 IST" name="tearDown" finished-at="2025-05-01T11:45:26 IST" duration-ms="109" status="PASS">
          <reporter-output>
          </reporter-output>
        </test-method> <!-- tearDown -->
      </class> <!-- com.pwj.saucedemo.tests.SauceDemoInvalidLoginTest -->
    </test> <!-- Surefire test -->
  </suite> <!-- Surefire suite -->
</testng-results>
