<?xml version="1.0" encoding="UTF-8"?>
<testsuite xmlns:xsi="http://www.w3.org/2001/XMLSchema-instance" xsi:noNamespaceSchemaLocation="https://maven.apache.org/surefire/maven-surefire-plugin/xsd/surefire-test-report-3.0.xsd" version="3.0" name="TestSuite" time="15.499" tests="7" errors="0" skipped="0" failures="0">
  <properties>
[...]
</properties>
  <testcase name="testVisualUserOrderFlow" classname="com.pwj.saucedemo.tests.Orderplaced_tests.VisualUserOrderTest" time="0.46">
    <system-out><![CDATA[03:42:03 [main] INFO  com.pwj.saucedemo.tests.Orderplaced_tests.VisualUserOrderTest - === Starting Test: VisualUserOrderTest ===
03:42:06 [main] INFO  com.pwj.saucedemo.tests.Orderplaced_tests.VisualUserOrderTest - Navigated to SauceDemo homepage.
03:42:06 [main] INFO  com.pwj.saucedemo.tests.Orderplaced_tests.VisualUserOrderTest - Starting regression test for visual_user
03:42:07 [main] INFO  com.pwj.saucedemo.tests.Orderplaced_tests.VisualUserOrderTest - Screenshot saved at: test-output/screenshots/visual_user_order_confirmation.png
]]></system-out>
    <system-err><![CDATA[SLF4J(W): No SLF4J providers were found.
SLF4J(W): Defaulting to no-operation (NOP) logger implementation
SLF4J(W): See https://www.slf4j.org/codes.html#noProviders for further details.
]]></system-err>
  </testcase>
  <testcase name="testStandardUserOrderFlow" classname="com.pwj.saucedemo.tests.Orderplaced_tests.StandardUserOrderTest" time="0.429">
    <system-out><![CDATA[Screenshot saved: test-output/screenshots/testVisualUserOrderFlow_PASSED_20250506_034207.png
03:42:07 [main] INFO  com.pwj.saucedemo.tests.Orderplaced_tests.VisualUserOrderTest - Closing browser and Playwright context...
03:42:07 [main] INFO  com.pwj.saucedemo.tests.Orderplaced_tests.VisualUserOrderTest - === Finished Test: VisualUserOrderTest ===

03:42:07 [main] INFO  com.pwj.saucedemo.tests.Orderplaced_tests.StandardUserOrderTest - === Starting Test: StandardUserOrderTest ===
03:42:08 [main] INFO  com.pwj.saucedemo.tests.Orderplaced_tests.StandardUserOrderTest - Navigated to SauceDemo homepage.
03:42:08 [main] INFO  com.pwj.saucedemo.tests.Orderplaced_tests.StandardUserOrderTest - Starting regression test for standard_user
03:42:09 [main] INFO  com.pwj.saucedemo.tests.Orderplaced_tests.StandardUserOrderTest - Screenshot saved at: test-output/screenshots/standard_user_order_confirmation.png
]]></system-out>
  </testcase>
  <testcase name="testCancelFromOverviewStep" classname="com.pwj.saucedemo.Regressiontests.CheckoutFlowTest" time="0.347">
    <system-out><![CDATA[Screenshot saved: test-output/screenshots/testStandardUserOrderFlow_PASSED_20250506_034209.png
03:42:09 [main] INFO  com.pwj.saucedemo.tests.Orderplaced_tests.StandardUserOrderTest - Closing browser and Playwright context...
03:42:09 [main] INFO  com.pwj.saucedemo.tests.Orderplaced_tests.StandardUserOrderTest - === Finished Test: StandardUserOrderTest ===

03:42:09 [main] INFO  com.pwj.saucedemo.Regressiontests.CheckoutFlowTest - === Starting Test: CheckoutFlowTest ===
03:42:10 [main] INFO  com.pwj.saucedemo.Regressiontests.CheckoutFlowTest - Navigated to SauceDemo homepage.
]]></system-out>
  </testcase>
  <testcase name="testCancelFromStepOne" classname="com.pwj.saucedemo.Regressiontests.CheckoutFlowTest" time="0.267">
    <system-out><![CDATA[Screenshot saved: test-output/screenshots/testCancelFromOverviewStep_PASSED_20250506_034211.png
03:42:11 [main] INFO  com.pwj.saucedemo.Regressiontests.CheckoutFlowTest - Closing browser and Playwright context...
03:42:11 [main] INFO  com.pwj.saucedemo.Regressiontests.CheckoutFlowTest - === Finished Test: CheckoutFlowTest ===

03:42:11 [main] INFO  com.pwj.saucedemo.Regressiontests.CheckoutFlowTest - === Starting Test: CheckoutFlowTest ===
03:42:12 [main] INFO  com.pwj.saucedemo.Regressiontests.CheckoutFlowTest - Navigated to SauceDemo homepage.
]]></system-out>
  </testcase>
  <testcase name="testFullCheckoutFlow" classname="com.pwj.saucedemo.Regressiontests.CheckoutFlowTest" time="0.404">
    <system-out><![CDATA[Screenshot saved: test-output/screenshots/testCancelFromStepOne_PASSED_20250506_034213.png
03:42:13 [main] INFO  com.pwj.saucedemo.Regressiontests.CheckoutFlowTest - Closing browser and Playwright context...
03:42:13 [main] INFO  com.pwj.saucedemo.Regressiontests.CheckoutFlowTest - === Finished Test: CheckoutFlowTest ===

03:42:13 [main] INFO  com.pwj.saucedemo.Regressiontests.CheckoutFlowTest - === Starting Test: CheckoutFlowTest ===
03:42:14 [main] INFO  com.pwj.saucedemo.Regressiontests.CheckoutFlowTest - Navigated to SauceDemo homepage.
]]></system-out>
  </testcase>
  <testcase name="testAddFirstProductToCart" classname="com.pwj.saucedemo.Regressiontests.AddToCartTest" time="0.157">
    <system-out><![CDATA[Screenshot saved: test-output/screenshots/testFullCheckoutFlow_PASSED_20250506_034214.png
03:42:14 [main] INFO  com.pwj.saucedemo.Regressiontests.CheckoutFlowTest - Closing browser and Playwright context...
03:42:15 [main] INFO  com.pwj.saucedemo.Regressiontests.CheckoutFlowTest - === Finished Test: CheckoutFlowTest ===

03:42:15 [main] INFO  com.pwj.saucedemo.Regressiontests.AddToCartTest - === Starting Test: AddToCartTest ===
03:42:16 [main] INFO  com.pwj.saucedemo.Regressiontests.AddToCartTest - Navigated to SauceDemo homepage.
03:42:16 [main] INFO  com.pwj.saucedemo.Regressiontests.AddToCartTest - Logging into SauceDemo website with standard user credentials
03:42:16 [main] INFO  com.pwj.saucedemo.Regressiontests.AddToCartTest - Added product to cart
03:42:16 [main] INFO  com.pwj.saucedemo.Regressiontests.AddToCartTest - Navigating to cart
03:42:16 [main] INFO  com.pwj.saucedemo.Regressiontests.AddToCartTest - Checking if one item has been added to the cart.
]]></system-out>
  </testcase>
  <testcase name="testInvalidLoginShowsErrorMessage" classname="com.pwj.saucedemo.Regressiontests.SauceDemoInvalidLoginTest" time="0.078">
    <system-out><![CDATA[Screenshot saved: test-output/screenshots/testAddFirstProductToCart_PASSED_20250506_034216.png
03:42:16 [main] INFO  com.pwj.saucedemo.Regressiontests.AddToCartTest - Closing browser and Playwright context...
03:42:16 [main] INFO  com.pwj.saucedemo.Regressiontests.AddToCartTest - === Finished Test: AddToCartTest ===

03:42:16 [main] INFO  com.pwj.saucedemo.Regressiontests.SauceDemoInvalidLoginTest - === Starting Test: SauceDemoInvalidLoginTest ===
03:42:18 [main] INFO  com.pwj.saucedemo.Regressiontests.SauceDemoInvalidLoginTest - Navigated to SauceDemo homepage.
]]></system-out>
  </testcase>
</testsuite>