<?xml version="1.0" encoding="UTF-8"?>
<testng-results ignored="0" total="13" passed="13" failed="0" skipped="0">
  <reporter-output>
  </reporter-output>
  <suite started-at="2025-08-11T23:39:40 IST" name="SauceDemo Test Suite" finished-at="2025-08-11T23:40:17 IST" duration-ms="36780">
    <groups>
    </groups>
    <test started-at="2025-08-11T23:39:40 IST" name="Login and Checkout Tests" finished-at="2025-08-11T23:40:13 IST" duration-ms="32596">
      <class name="com.pwj.saucedemo.Regressiontests.SauceDemoInvalidLoginTest">
        <test-method is-config="true" signature="setUp(java.lang.reflect.Method)[pri:0, instance:com.pwj.saucedemo.Regressiontests.SauceDemoInvalidLoginTest@147e2ae7]" started-at="2025-08-11T23:39:49 IST" name="setUp" finished-at="2025-08-11T23:39:50 IST" duration-ms="1283" status="PASS">
          <params>
            <param index="0">
              <value>
                <![CDATA[public void com.pwj.saucedemo.Regressiontests.SauceDemoInvalidLoginTest.testInvalidLoginShowsErrorMessage()]]>
              </value>
            </param>
          </params>
          <reporter-output>
          </reporter-output>
        </test-method> <!-- setUp -->
        <test-method signature="testInvalidLoginShowsErrorMessage()[pri:0, instance:com.pwj.saucedemo.Regressiontests.SauceDemoInvalidLoginTest@147e2ae7]" started-at="2025-08-11T23:39:50 IST" name="testInvalidLoginShowsErrorMessage" finished-at="2025-08-11T23:39:50 IST" duration-ms="95" status="PASS">
          <reporter-output>
          </reporter-output>
        </test-method> <!-- testInvalidLoginShowsErrorMessage -->
        <test-method is-config="true" signature="tearDown(org.testng.ITestResult)[pri:0, instance:com.pwj.saucedemo.Regressiontests.SauceDemoInvalidLoginTest@147e2ae7]" started-at="2025-08-11T23:39:50 IST" name="tearDown" finished-at="2025-08-11T23:39:50 IST" duration-ms="353" status="PASS">
          <params>
            <param index="0">
              <value>
                <![CDATA[[TestResult name=testInvalidLoginShowsErrorMessage status=SUCCESS method=SauceDemoInvalidLoginTest.testInvalidLoginShowsErrorMessage()[pri:0, instance:com.pwj.saucedemo.Regressiontests.SauceDemoInvalidLoginTest@147e2ae7] output={null}]]]>
              </value>
            </param>
          </params>
          <reporter-output>
          </reporter-output>
        </test-method> <!-- tearDown -->
      </class> <!-- com.pwj.saucedemo.Regressiontests.SauceDemoInvalidLoginTest -->
      <class name="com.pwj.saucedemo.Regressiontests.LoginScenariosDifferentUsers">
        <test-method is-config="true" signature="setUp(java.lang.reflect.Method)[pri:0, instance:com.pwj.saucedemo.Regressiontests.LoginScenariosDifferentUsers@4470fbd6]" started-at="2025-08-11T23:39:52 IST" name="setUp" finished-at="2025-08-11T23:39:54 IST" duration-ms="1452" status="PASS">
          <params>
            <param index="0">
              <value>
                <![CDATA[public void com.pwj.saucedemo.Regressiontests.LoginScenariosDifferentUsers.testStandardUserLogin()]]>
              </value>
            </param>
          </params>
          <reporter-output>
          </reporter-output>
        </test-method> <!-- setUp -->
        <test-method signature="testStandardUserLogin()[pri:0, instance:com.pwj.saucedemo.Regressiontests.LoginScenariosDifferentUsers@4470fbd6]" started-at="2025-08-11T23:39:54 IST" name="testStandardUserLogin" description="Valid login with standard_user" finished-at="2025-08-11T23:39:54 IST" duration-ms="100" status="PASS">
          <reporter-output>
          </reporter-output>
        </test-method> <!-- testStandardUserLogin -->
        <test-method is-config="true" signature="tearDown(org.testng.ITestResult)[pri:0, instance:com.pwj.saucedemo.Regressiontests.LoginScenariosDifferentUsers@4470fbd6]" started-at="2025-08-11T23:39:54 IST" name="tearDown" finished-at="2025-08-11T23:39:54 IST" duration-ms="341" status="PASS">
          <params>
            <param index="0">
              <value>
                <![CDATA[[TestResult name=testStandardUserLogin status=SUCCESS method=LoginScenariosDifferentUsers.testStandardUserLogin()[pri:0, instance:com.pwj.saucedemo.Regressiontests.LoginScenariosDifferentUsers@4470fbd6] output={null}]]]>
              </value>
            </param>
          </params>
          <reporter-output>
          </reporter-output>
        </test-method> <!-- tearDown -->
        <test-method is-config="true" signature="setUp(java.lang.reflect.Method)[pri:0, instance:com.pwj.saucedemo.Regressiontests.LoginScenariosDifferentUsers@4470fbd6]" started-at="2025-08-11T23:39:54 IST" name="setUp" finished-at="2025-08-11T23:39:56 IST" duration-ms="1346" status="PASS">
          <params>
            <param index="0">
              <value>
                <![CDATA[public void com.pwj.saucedemo.Regressiontests.LoginScenariosDifferentUsers.testLockedOutUserLogin()]]>
              </value>
            </param>
          </params>
          <reporter-output>
          </reporter-output>
        </test-method> <!-- setUp -->
        <test-method signature="testLockedOutUserLogin()[pri:0, instance:com.pwj.saucedemo.Regressiontests.LoginScenariosDifferentUsers@4470fbd6]" started-at="2025-08-11T23:39:56 IST" name="testLockedOutUserLogin" description="Locked out user should see error" finished-at="2025-08-11T23:39:56 IST" duration-ms="101" status="PASS">
          <reporter-output>
          </reporter-output>
        </test-method> <!-- testLockedOutUserLogin -->
        <test-method is-config="true" signature="tearDown(org.testng.ITestResult)[pri:0, instance:com.pwj.saucedemo.Regressiontests.LoginScenariosDifferentUsers@4470fbd6]" started-at="2025-08-11T23:39:56 IST" name="tearDown" finished-at="2025-08-11T23:39:56 IST" duration-ms="171" status="PASS">
          <params>
            <param index="0">
              <value>
                <![CDATA[[TestResult name=testLockedOutUserLogin status=SUCCESS method=LoginScenariosDifferentUsers.testLockedOutUserLogin()[pri:0, instance:com.pwj.saucedemo.Regressiontests.LoginScenariosDifferentUsers@4470fbd6] output={null}]]]>
              </value>
            </param>
          </params>
          <reporter-output>
          </reporter-output>
        </test-method> <!-- tearDown -->
        <test-method is-config="true" signature="setUp(java.lang.reflect.Method)[pri:0, instance:com.pwj.saucedemo.Regressiontests.LoginScenariosDifferentUsers@4470fbd6]" started-at="2025-08-11T23:39:56 IST" name="setUp" finished-at="2025-08-11T23:39:57 IST" duration-ms="1443" status="PASS">
          <params>
            <param index="0">
              <value>
                <![CDATA[public void com.pwj.saucedemo.Regressiontests.LoginScenariosDifferentUsers.testProblemUserLogin()]]>
              </value>
            </param>
          </params>
          <reporter-output>
          </reporter-output>
        </test-method> <!-- setUp -->
        <test-method signature="testProblemUserLogin()[pri:0, instance:com.pwj.saucedemo.Regressiontests.LoginScenariosDifferentUsers@4470fbd6]" started-at="2025-08-11T23:39:57 IST" name="testProblemUserLogin" description="Problem user login — expected to succeed but may show broken UI later" finished-at="2025-08-11T23:39:57 IST" duration-ms="92" status="PASS">
          <reporter-output>
          </reporter-output>
        </test-method> <!-- testProblemUserLogin -->
        <test-method is-config="true" signature="tearDown(org.testng.ITestResult)[pri:0, instance:com.pwj.saucedemo.Regressiontests.LoginScenariosDifferentUsers@4470fbd6]" started-at="2025-08-11T23:39:57 IST" name="tearDown" finished-at="2025-08-11T23:39:58 IST" duration-ms="205" status="PASS">
          <params>
            <param index="0">
              <value>
                <![CDATA[[TestResult name=testProblemUserLogin status=SUCCESS method=LoginScenariosDifferentUsers.testProblemUserLogin()[pri:0, instance:com.pwj.saucedemo.Regressiontests.LoginScenariosDifferentUsers@4470fbd6] output={null}]]]>
              </value>
            </param>
          </params>
          <reporter-output>
          </reporter-output>
        </test-method> <!-- tearDown -->
        <test-method is-config="true" signature="setUp(java.lang.reflect.Method)[pri:0, instance:com.pwj.saucedemo.Regressiontests.LoginScenariosDifferentUsers@4470fbd6]" started-at="2025-08-11T23:39:58 IST" name="setUp" finished-at="2025-08-11T23:39:59 IST" duration-ms="1313" status="PASS">
          <params>
            <param index="0">
              <value>
                <![CDATA[public void com.pwj.saucedemo.Regressiontests.LoginScenariosDifferentUsers.testPerformanceGlitchUserLogin()]]>
              </value>
            </param>
          </params>
          <reporter-output>
          </reporter-output>
        </test-method> <!-- setUp -->
        <test-method signature="testPerformanceGlitchUserLogin()[pri:0, instance:com.pwj.saucedemo.Regressiontests.LoginScenariosDifferentUsers@4470fbd6]" started-at="2025-08-11T23:39:59 IST" name="testPerformanceGlitchUserLogin" description="Performance glitch user may require second click to login" finished-at="2025-08-11T23:40:06 IST" duration-ms="6619" status="PASS">
          <reporter-output>
          </reporter-output>
        </test-method> <!-- testPerformanceGlitchUserLogin -->
        <test-method is-config="true" signature="tearDown(org.testng.ITestResult)[pri:0, instance:com.pwj.saucedemo.Regressiontests.LoginScenariosDifferentUsers@4470fbd6]" started-at="2025-08-11T23:40:06 IST" name="tearDown" finished-at="2025-08-11T23:40:06 IST" duration-ms="221" status="PASS">
          <params>
            <param index="0">
              <value>
                <![CDATA[[TestResult name=testPerformanceGlitchUserLogin status=SUCCESS method=LoginScenariosDifferentUsers.testPerformanceGlitchUserLogin()[pri:0, instance:com.pwj.saucedemo.Regressiontests.LoginScenariosDifferentUsers@4470fbd6] output={null}]]]>
              </value>
            </param>
          </params>
          <reporter-output>
          </reporter-output>
        </test-method> <!-- tearDown -->
        <test-method is-config="true" signature="setUp(java.lang.reflect.Method)[pri:0, instance:com.pwj.saucedemo.Regressiontests.LoginScenariosDifferentUsers@4470fbd6]" started-at="2025-08-11T23:40:06 IST" name="setUp" finished-at="2025-08-11T23:40:07 IST" duration-ms="1302" status="PASS">
          <params>
            <param index="0">
              <value>
                <![CDATA[public void com.pwj.saucedemo.Regressiontests.LoginScenariosDifferentUsers.testInvalidUserLogin()]]>
              </value>
            </param>
          </params>
          <reporter-output>
          </reporter-output>
        </test-method> <!-- setUp -->
        <test-method signature="testInvalidUserLogin()[pri:0, instance:com.pwj.saucedemo.Regressiontests.LoginScenariosDifferentUsers@4470fbd6]" started-at="2025-08-11T23:40:07 IST" name="testInvalidUserLogin" description="Invalid user login should display error" finished-at="2025-08-11T23:40:07 IST" duration-ms="91" status="PASS">
          <reporter-output>
          </reporter-output>
        </test-method> <!-- testInvalidUserLogin -->
        <test-method is-config="true" signature="tearDown(org.testng.ITestResult)[pri:0, instance:com.pwj.saucedemo.Regressiontests.LoginScenariosDifferentUsers@4470fbd6]" started-at="2025-08-11T23:40:07 IST" name="tearDown" finished-at="2025-08-11T23:40:07 IST" duration-ms="151" status="PASS">
          <params>
            <param index="0">
              <value>
                <![CDATA[[TestResult name=testInvalidUserLogin status=SUCCESS method=LoginScenariosDifferentUsers.testInvalidUserLogin()[pri:0, instance:com.pwj.saucedemo.Regressiontests.LoginScenariosDifferentUsers@4470fbd6] output={null}]]]>
              </value>
            </param>
          </params>
          <reporter-output>
          </reporter-output>
        </test-method> <!-- tearDown -->
      </class> <!-- com.pwj.saucedemo.Regressiontests.LoginScenariosDifferentUsers -->
      <class name="com.pwj.saucedemo.Regressiontests.AddToCartTest">
        <test-method is-config="true" signature="setUp(java.lang.reflect.Method)[pri:0, instance:com.pwj.saucedemo.Regressiontests.AddToCartTest@448c8166]" started-at="2025-08-11T23:39:50 IST" name="setUp" finished-at="2025-08-11T23:39:52 IST" duration-ms="1492" status="PASS">
          <params>
            <param index="0">
              <value>
                <![CDATA[public void com.pwj.saucedemo.Regressiontests.AddToCartTest.testAddFirstProductToCart()]]>
              </value>
            </param>
          </params>
          <reporter-output>
          </reporter-output>
        </test-method> <!-- setUp -->
        <test-method signature="testAddFirstProductToCart()[pri:0, instance:com.pwj.saucedemo.Regressiontests.AddToCartTest@448c8166]" started-at="2025-08-11T23:39:52 IST" name="testAddFirstProductToCart" finished-at="2025-08-11T23:39:52 IST" duration-ms="205" status="PASS">
          <reporter-output>
          </reporter-output>
        </test-method> <!-- testAddFirstProductToCart -->
        <test-method is-config="true" signature="tearDown(org.testng.ITestResult)[pri:0, instance:com.pwj.saucedemo.Regressiontests.AddToCartTest@448c8166]" started-at="2025-08-11T23:39:52 IST" name="tearDown" finished-at="2025-08-11T23:39:52 IST" duration-ms="334" status="PASS">
          <params>
            <param index="0">
              <value>
                <![CDATA[[TestResult name=testAddFirstProductToCart status=SUCCESS method=AddToCartTest.testAddFirstProductToCart()[pri:0, instance:com.pwj.saucedemo.Regressiontests.AddToCartTest@448c8166] output={null}]]]>
              </value>
            </param>
          </params>
          <reporter-output>
          </reporter-output>
        </test-method> <!-- tearDown -->
      </class> <!-- com.pwj.saucedemo.Regressiontests.AddToCartTest -->
      <class name="com.pwj.saucedemo.Regressiontests.CheckoutFlowTest">
        <test-method is-config="true" signature="setUp(java.lang.reflect.Method)[pri:0, instance:com.pwj.saucedemo.Regressiontests.CheckoutFlowTest@15d49048]" started-at="2025-08-11T23:40:07 IST" name="setUp" finished-at="2025-08-11T23:40:09 IST" duration-ms="1293" status="PASS">
          <params>
            <param index="0">
              <value>
                <![CDATA[public void com.pwj.saucedemo.Regressiontests.CheckoutFlowTest.testCancelFromOverviewStep()]]>
              </value>
            </param>
          </params>
          <reporter-output>
          </reporter-output>
        </test-method> <!-- setUp -->
        <test-method signature="testCancelFromOverviewStep()[pri:0, instance:com.pwj.saucedemo.Regressiontests.CheckoutFlowTest@15d49048]" started-at="2025-08-11T23:40:09 IST" name="testCancelFromOverviewStep" description="Cancel from overview page should return to inventory" finished-at="2025-08-11T23:40:09 IST" duration-ms="367" status="PASS">
          <reporter-output>
          </reporter-output>
        </test-method> <!-- testCancelFromOverviewStep -->
        <test-method is-config="true" signature="tearDown(org.testng.ITestResult)[pri:0, instance:com.pwj.saucedemo.Regressiontests.CheckoutFlowTest@15d49048]" started-at="2025-08-11T23:40:09 IST" name="tearDown" finished-at="2025-08-11T23:40:09 IST" duration-ms="174" status="PASS">
          <params>
            <param index="0">
              <value>
                <![CDATA[[TestResult name=testCancelFromOverviewStep status=SUCCESS method=CheckoutFlowTest.testCancelFromOverviewStep()[pri:0, instance:com.pwj.saucedemo.Regressiontests.CheckoutFlowTest@15d49048] output={null}]]]>
              </value>
            </param>
          </params>
          <reporter-output>
          </reporter-output>
        </test-method> <!-- tearDown -->
        <test-method is-config="true" signature="setUp(java.lang.reflect.Method)[pri:0, instance:com.pwj.saucedemo.Regressiontests.CheckoutFlowTest@15d49048]" started-at="2025-08-11T23:40:09 IST" name="setUp" finished-at="2025-08-11T23:40:11 IST" duration-ms="1438" status="PASS">
          <params>
            <param index="0">
              <value>
                <![CDATA[public void com.pwj.saucedemo.Regressiontests.CheckoutFlowTest.testCancelFromStepOne()]]>
              </value>
            </param>
          </params>
          <reporter-output>
          </reporter-output>
        </test-method> <!-- setUp -->
        <test-method signature="testCancelFromStepOne()[pri:0, instance:com.pwj.saucedemo.Regressiontests.CheckoutFlowTest@15d49048]" started-at="2025-08-11T23:40:11 IST" name="testCancelFromStepOne" description="Cancel from Step One should return to cart page" finished-at="2025-08-11T23:40:11 IST" duration-ms="267" status="PASS">
          <reporter-output>
          </reporter-output>
        </test-method> <!-- testCancelFromStepOne -->
        <test-method is-config="true" signature="tearDown(org.testng.ITestResult)[pri:0, instance:com.pwj.saucedemo.Regressiontests.CheckoutFlowTest@15d49048]" started-at="2025-08-11T23:40:11 IST" name="tearDown" finished-at="2025-08-11T23:40:11 IST" duration-ms="160" status="PASS">
          <params>
            <param index="0">
              <value>
                <![CDATA[[TestResult name=testCancelFromStepOne status=SUCCESS method=CheckoutFlowTest.testCancelFromStepOne()[pri:0, instance:com.pwj.saucedemo.Regressiontests.CheckoutFlowTest@15d49048] output={null}]]]>
              </value>
            </param>
          </params>
          <reporter-output>
          </reporter-output>
        </test-method> <!-- tearDown -->
        <test-method is-config="true" signature="setUp(java.lang.reflect.Method)[pri:0, instance:com.pwj.saucedemo.Regressiontests.CheckoutFlowTest@15d49048]" started-at="2025-08-11T23:40:11 IST" name="setUp" finished-at="2025-08-11T23:40:12 IST" duration-ms="1409" status="PASS">
          <params>
            <param index="0">
              <value>
                <![CDATA[public void com.pwj.saucedemo.Regressiontests.CheckoutFlowTest.testFullCheckoutFlow()]]>
              </value>
            </param>
          </params>
          <reporter-output>
          </reporter-output>
        </test-method> <!-- setUp -->
        <test-method signature="testFullCheckoutFlow()[pri:0, instance:com.pwj.saucedemo.Regressiontests.CheckoutFlowTest@15d49048]" started-at="2025-08-11T23:40:12 IST" name="testFullCheckoutFlow" description="Complete checkout from cart to order confirmation" finished-at="2025-08-11T23:40:13 IST" duration-ms="394" status="PASS">
          <reporter-output>
          </reporter-output>
        </test-method> <!-- testFullCheckoutFlow -->
        <test-method is-config="true" signature="tearDown(org.testng.ITestResult)[pri:0, instance:com.pwj.saucedemo.Regressiontests.CheckoutFlowTest@15d49048]" started-at="2025-08-11T23:40:13 IST" name="tearDown" finished-at="2025-08-11T23:40:13 IST" duration-ms="177" status="PASS">
          <params>
            <param index="0">
              <value>
                <![CDATA[[TestResult name=testFullCheckoutFlow status=SUCCESS method=CheckoutFlowTest.testFullCheckoutFlow()[pri:0, instance:com.pwj.saucedemo.Regressiontests.CheckoutFlowTest@15d49048] output={null}]]]>
              </value>
            </param>
          </params>
          <reporter-output>
          </reporter-output>
        </test-method> <!-- tearDown -->
      </class> <!-- com.pwj.saucedemo.Regressiontests.CheckoutFlowTest -->
      <class name="com.pwj.saucedemo.Regressiontests.SauceDemoStandardUserLogin">
        <test-method is-config="true" signature="setUp(java.lang.reflect.Method)[pri:0, instance:com.pwj.saucedemo.Regressiontests.SauceDemoStandardUserLogin@7bbc8656]" started-at="2025-08-11T23:39:40 IST" name="setUp" finished-at="2025-08-11T23:39:47 IST" duration-ms="6530" status="PASS">
          <params>
            <param index="0">
              <value>
                <![CDATA[public void com.pwj.saucedemo.Regressiontests.SauceDemoStandardUserLogin.testStandardUserLogin()]]>
              </value>
            </param>
          </params>
          <reporter-output>
          </reporter-output>
        </test-method> <!-- setUp -->
        <test-method signature="testStandardUserLogin()[pri:0, instance:com.pwj.saucedemo.Regressiontests.SauceDemoStandardUserLogin@7bbc8656]" started-at="2025-08-11T23:39:47 IST" name="testStandardUserLogin" finished-at="2025-08-11T23:39:47 IST" duration-ms="115" status="PASS">
          <reporter-output>
          </reporter-output>
        </test-method> <!-- testStandardUserLogin -->
        <test-method is-config="true" signature="tearDown(org.testng.ITestResult)[pri:0, instance:com.pwj.saucedemo.Regressiontests.SauceDemoStandardUserLogin@7bbc8656]" started-at="2025-08-11T23:39:47 IST" name="tearDown" finished-at="2025-08-11T23:39:49 IST" duration-ms="1518" status="PASS">
          <params>
            <param index="0">
              <value>
                <![CDATA[[TestResult name=testStandardUserLogin status=SUCCESS method=SauceDemoStandardUserLogin.testStandardUserLogin()[pri:0, instance:com.pwj.saucedemo.Regressiontests.SauceDemoStandardUserLogin@7bbc8656] output={null}]]]>
              </value>
            </param>
          </params>
          <reporter-output>
          </reporter-output>
        </test-method> <!-- tearDown -->
      </class> <!-- com.pwj.saucedemo.Regressiontests.SauceDemoStandardUserLogin -->
    </test> <!-- Login and Checkout Tests -->
    <test started-at="2025-08-11T23:40:13 IST" name="Order Placement Tests" finished-at="2025-08-11T23:40:17 IST" duration-ms="4146">
      <class name="com.pwj.saucedemo.tests.Orderplaced_tests.StandardUserOrderTest">
        <test-method is-config="true" signature="setUp(java.lang.reflect.Method)[pri:0, instance:com.pwj.saucedemo.tests.Orderplaced_tests.StandardUserOrderTest@18ece7f4]" started-at="2025-08-11T23:40:13 IST" name="setUp" finished-at="2025-08-11T23:40:14 IST" duration-ms="1235" status="PASS">
          <params>
            <param index="0">
              <value>
                <![CDATA[public void com.pwj.saucedemo.tests.Orderplaced_tests.StandardUserOrderTest.testStandardUserOrderFlow()]]>
              </value>
            </param>
          </params>
          <reporter-output>
          </reporter-output>
        </test-method> <!-- setUp -->
        <test-method signature="testStandardUserOrderFlow()[pri:0, instance:com.pwj.saucedemo.tests.Orderplaced_tests.StandardUserOrderTest@18ece7f4]" started-at="2025-08-11T23:40:14 IST" name="testStandardUserOrderFlow" description="Regression test for standard_user to place a full order successfully" finished-at="2025-08-11T23:40:15 IST" duration-ms="462" status="PASS">
          <reporter-output>
          </reporter-output>
        </test-method> <!-- testStandardUserOrderFlow -->
        <test-method is-config="true" signature="tearDown(org.testng.ITestResult)[pri:0, instance:com.pwj.saucedemo.tests.Orderplaced_tests.StandardUserOrderTest@18ece7f4]" started-at="2025-08-11T23:40:15 IST" name="tearDown" finished-at="2025-08-11T23:40:15 IST" duration-ms="171" status="PASS">
          <params>
            <param index="0">
              <value>
                <![CDATA[[TestResult name=testStandardUserOrderFlow status=SUCCESS method=StandardUserOrderTest.testStandardUserOrderFlow()[pri:0, instance:com.pwj.saucedemo.tests.Orderplaced_tests.StandardUserOrderTest@18ece7f4] output={null}]]]>
              </value>
            </param>
          </params>
          <reporter-output>
          </reporter-output>
        </test-method> <!-- tearDown -->
      </class> <!-- com.pwj.saucedemo.tests.Orderplaced_tests.StandardUserOrderTest -->
      <class name="com.pwj.saucedemo.tests.Orderplaced_tests.VisualUserOrderTest">
        <test-method is-config="true" signature="setUp(java.lang.reflect.Method)[pri:0, instance:com.pwj.saucedemo.tests.Orderplaced_tests.VisualUserOrderTest@3cce57c7]" started-at="2025-08-11T23:40:15 IST" name="setUp" finished-at="2025-08-11T23:40:16 IST" duration-ms="1419" status="PASS">
          <params>
            <param index="0">
              <value>
                <![CDATA[public void com.pwj.saucedemo.tests.Orderplaced_tests.VisualUserOrderTest.testVisualUserOrderFlow()]]>
              </value>
            </param>
          </params>
          <reporter-output>
          </reporter-output>
        </test-method> <!-- setUp -->
        <test-method signature="testVisualUserOrderFlow()[pri:0, instance:com.pwj.saucedemo.tests.Orderplaced_tests.VisualUserOrderTest@3cce57c7]" started-at="2025-08-11T23:40:16 IST" name="testVisualUserOrderFlow" description="Regression test for visual_user to complete an order successfully" finished-at="2025-08-11T23:40:17 IST" duration-ms="675" status="PASS">
          <reporter-output>
          </reporter-output>
        </test-method> <!-- testVisualUserOrderFlow -->
        <test-method is-config="true" signature="tearDown(org.testng.ITestResult)[pri:0, instance:com.pwj.saucedemo.tests.Orderplaced_tests.VisualUserOrderTest@3cce57c7]" started-at="2025-08-11T23:40:17 IST" name="tearDown" finished-at="2025-08-11T23:40:17 IST" duration-ms="179" status="PASS">
          <params>
            <param index="0">
              <value>
                <![CDATA[[TestResult name=testVisualUserOrderFlow status=SUCCESS method=VisualUserOrderTest.testVisualUserOrderFlow()[pri:0, instance:com.pwj.saucedemo.tests.Orderplaced_tests.VisualUserOrderTest@3cce57c7] output={null}]]]>
              </value>
            </param>
          </params>
          <reporter-output>
          </reporter-output>
        </test-method> <!-- tearDown -->
      </class> <!-- com.pwj.saucedemo.tests.Orderplaced_tests.VisualUserOrderTest -->
    </test> <!-- Order Placement Tests -->
  </suite> <!-- SauceDemo Test Suite -->
</testng-results>
