<?xml version="1.0" encoding="UTF-8"?>
<testng-results ignored="0" total="13" passed="13" failed="0" skipped="0">
  <reporter-output>
  </reporter-output>
  <suite started-at="2025-05-03T22:14:41 IST" name="SauceDemo Test Suite" finished-at="2025-05-03T22:15:13 IST" duration-ms="31419">
    <groups>
    </groups>
    <test started-at="2025-05-03T22:14:41 IST" name="Login and Checkout Tests" finished-at="2025-05-03T22:15:09 IST" duration-ms="27330">
      <class name="com.pwj.saucedemo.tests.AddToCartTest">
        <test-method is-config="true" signature="setUp(java.lang.reflect.Method)[pri:0, instance:com.pwj.saucedemo.tests.AddToCartTest@448c8166]" started-at="2025-05-03T22:14:47 IST" name="setUp" finished-at="2025-05-03T22:14:48 IST" duration-ms="1382" status="PASS">
          <params>
            <param index="0">
              <value>
                <![CDATA[public void com.pwj.saucedemo.tests.AddToCartTest.testAddFirstProductToCart()]]>
              </value>
            </param>
          </params>
          <reporter-output>
          </reporter-output>
        </test-method> <!-- setUp -->
        <test-method signature="testAddFirstProductToCart()[pri:0, instance:com.pwj.saucedemo.tests.AddToCartTest@448c8166]" started-at="2025-05-03T22:14:48 IST" name="testAddFirstProductToCart" finished-at="2025-05-03T22:14:49 IST" duration-ms="174" status="PASS">
          <reporter-output>
          </reporter-output>
        </test-method> <!-- testAddFirstProductToCart -->
        <test-method is-config="true" signature="tearDown(org.testng.ITestResult)[pri:0, instance:com.pwj.saucedemo.tests.AddToCartTest@448c8166]" started-at="2025-05-03T22:14:49 IST" name="tearDown" finished-at="2025-05-03T22:14:49 IST" duration-ms="163" status="PASS">
          <params>
            <param index="0">
              <value>
                <![CDATA[[TestResult name=testAddFirstProductToCart status=SUCCESS method=AddToCartTest.testAddFirstProductToCart()[pri:0, instance:com.pwj.saucedemo.tests.AddToCartTest@448c8166] output={null}]]]>
              </value>
            </param>
          </params>
          <reporter-output>
          </reporter-output>
        </test-method> <!-- tearDown -->
      </class> <!-- com.pwj.saucedemo.tests.AddToCartTest -->
      <class name="com.pwj.saucedemo.tests.LoginScenariosDifferentUsers">
        <test-method is-config="true" signature="setUp(java.lang.reflect.Method)[pri:0, instance:com.pwj.saucedemo.tests.LoginScenariosDifferentUsers@4470fbd6]" started-at="2025-05-03T22:14:49 IST" name="setUp" finished-at="2025-05-03T22:14:50 IST" duration-ms="1360" status="PASS">
          <params>
            <param index="0">
              <value>
                <![CDATA[public void com.pwj.saucedemo.tests.LoginScenariosDifferentUsers.testStandardUserLogin()]]>
              </value>
            </param>
          </params>
          <reporter-output>
          </reporter-output>
        </test-method> <!-- setUp -->
        <test-method signature="testStandardUserLogin()[pri:0, instance:com.pwj.saucedemo.tests.LoginScenariosDifferentUsers@4470fbd6]" started-at="2025-05-03T22:14:50 IST" name="testStandardUserLogin" description="Valid login with standard_user" finished-at="2025-05-03T22:14:50 IST" duration-ms="83" status="PASS">
          <reporter-output>
          </reporter-output>
        </test-method> <!-- testStandardUserLogin -->
        <test-method is-config="true" signature="tearDown(org.testng.ITestResult)[pri:0, instance:com.pwj.saucedemo.tests.LoginScenariosDifferentUsers@4470fbd6]" started-at="2025-05-03T22:14:50 IST" name="tearDown" finished-at="2025-05-03T22:14:50 IST" duration-ms="181" status="PASS">
          <params>
            <param index="0">
              <value>
                <![CDATA[[TestResult name=testStandardUserLogin status=SUCCESS method=LoginScenariosDifferentUsers.testStandardUserLogin()[pri:0, instance:com.pwj.saucedemo.tests.LoginScenariosDifferentUsers@4470fbd6] output={null}]]]>
              </value>
            </param>
          </params>
          <reporter-output>
          </reporter-output>
        </test-method> <!-- tearDown -->
        <test-method is-config="true" signature="setUp(java.lang.reflect.Method)[pri:0, instance:com.pwj.saucedemo.tests.LoginScenariosDifferentUsers@4470fbd6]" started-at="2025-05-03T22:14:50 IST" name="setUp" finished-at="2025-05-03T22:14:52 IST" duration-ms="1354" status="PASS">
          <params>
            <param index="0">
              <value>
                <![CDATA[public void com.pwj.saucedemo.tests.LoginScenariosDifferentUsers.testLockedOutUserLogin()]]>
              </value>
            </param>
          </params>
          <reporter-output>
          </reporter-output>
        </test-method> <!-- setUp -->
        <test-method signature="testLockedOutUserLogin()[pri:0, instance:com.pwj.saucedemo.tests.LoginScenariosDifferentUsers@4470fbd6]" started-at="2025-05-03T22:14:52 IST" name="testLockedOutUserLogin" description="Locked out user should see error" finished-at="2025-05-03T22:14:52 IST" duration-ms="81" status="PASS">
          <reporter-output>
          </reporter-output>
        </test-method> <!-- testLockedOutUserLogin -->
        <test-method is-config="true" signature="tearDown(org.testng.ITestResult)[pri:0, instance:com.pwj.saucedemo.tests.LoginScenariosDifferentUsers@4470fbd6]" started-at="2025-05-03T22:14:52 IST" name="tearDown" finished-at="2025-05-03T22:14:52 IST" duration-ms="168" status="PASS">
          <params>
            <param index="0">
              <value>
                <![CDATA[[TestResult name=testLockedOutUserLogin status=SUCCESS method=LoginScenariosDifferentUsers.testLockedOutUserLogin()[pri:0, instance:com.pwj.saucedemo.tests.LoginScenariosDifferentUsers@4470fbd6] output={null}]]]>
              </value>
            </param>
          </params>
          <reporter-output>
          </reporter-output>
        </test-method> <!-- tearDown -->
        <test-method is-config="true" signature="setUp(java.lang.reflect.Method)[pri:0, instance:com.pwj.saucedemo.tests.LoginScenariosDifferentUsers@4470fbd6]" started-at="2025-05-03T22:14:52 IST" name="setUp" finished-at="2025-05-03T22:14:53 IST" duration-ms="1349" status="PASS">
          <params>
            <param index="0">
              <value>
                <![CDATA[public void com.pwj.saucedemo.tests.LoginScenariosDifferentUsers.testProblemUserLogin()]]>
              </value>
            </param>
          </params>
          <reporter-output>
          </reporter-output>
        </test-method> <!-- setUp -->
        <test-method signature="testProblemUserLogin()[pri:0, instance:com.pwj.saucedemo.tests.LoginScenariosDifferentUsers@4470fbd6]" started-at="2025-05-03T22:14:53 IST" name="testProblemUserLogin" description="Problem user login — expected to succeed but may show broken UI later" finished-at="2025-05-03T22:14:53 IST" duration-ms="90" status="PASS">
          <reporter-output>
          </reporter-output>
        </test-method> <!-- testProblemUserLogin -->
        <test-method is-config="true" signature="tearDown(org.testng.ITestResult)[pri:0, instance:com.pwj.saucedemo.tests.LoginScenariosDifferentUsers@4470fbd6]" started-at="2025-05-03T22:14:53 IST" name="tearDown" finished-at="2025-05-03T22:14:54 IST" duration-ms="198" status="PASS">
          <params>
            <param index="0">
              <value>
                <![CDATA[[TestResult name=testProblemUserLogin status=SUCCESS method=LoginScenariosDifferentUsers.testProblemUserLogin()[pri:0, instance:com.pwj.saucedemo.tests.LoginScenariosDifferentUsers@4470fbd6] output={null}]]]>
              </value>
            </param>
          </params>
          <reporter-output>
          </reporter-output>
        </test-method> <!-- tearDown -->
        <test-method is-config="true" signature="setUp(java.lang.reflect.Method)[pri:0, instance:com.pwj.saucedemo.tests.LoginScenariosDifferentUsers@4470fbd6]" started-at="2025-05-03T22:14:54 IST" name="setUp" finished-at="2025-05-03T22:14:55 IST" duration-ms="1214" status="PASS">
          <params>
            <param index="0">
              <value>
                <![CDATA[public void com.pwj.saucedemo.tests.LoginScenariosDifferentUsers.testPerformanceGlitchUserLogin()]]>
              </value>
            </param>
          </params>
          <reporter-output>
          </reporter-output>
        </test-method> <!-- setUp -->
        <test-method signature="testPerformanceGlitchUserLogin()[pri:0, instance:com.pwj.saucedemo.tests.LoginScenariosDifferentUsers@4470fbd6]" started-at="2025-05-03T22:14:55 IST" name="testPerformanceGlitchUserLogin" description="Performance glitch user may require second click to login" finished-at="2025-05-03T22:15:01 IST" duration-ms="6590" status="PASS">
          <reporter-output>
          </reporter-output>
        </test-method> <!-- testPerformanceGlitchUserLogin -->
        <test-method is-config="true" signature="tearDown(org.testng.ITestResult)[pri:0, instance:com.pwj.saucedemo.tests.LoginScenariosDifferentUsers@4470fbd6]" started-at="2025-05-03T22:15:01 IST" name="tearDown" finished-at="2025-05-03T22:15:02 IST" duration-ms="215" status="PASS">
          <params>
            <param index="0">
              <value>
                <![CDATA[[TestResult name=testPerformanceGlitchUserLogin status=SUCCESS method=LoginScenariosDifferentUsers.testPerformanceGlitchUserLogin()[pri:0, instance:com.pwj.saucedemo.tests.LoginScenariosDifferentUsers@4470fbd6] output={null}]]]>
              </value>
            </param>
          </params>
          <reporter-output>
          </reporter-output>
        </test-method> <!-- tearDown -->
        <test-method is-config="true" signature="setUp(java.lang.reflect.Method)[pri:0, instance:com.pwj.saucedemo.tests.LoginScenariosDifferentUsers@4470fbd6]" started-at="2025-05-03T22:15:02 IST" name="setUp" finished-at="2025-05-03T22:15:03 IST" duration-ms="1367" status="PASS">
          <params>
            <param index="0">
              <value>
                <![CDATA[public void com.pwj.saucedemo.tests.LoginScenariosDifferentUsers.testInvalidUserLogin()]]>
              </value>
            </param>
          </params>
          <reporter-output>
          </reporter-output>
        </test-method> <!-- setUp -->
        <test-method signature="testInvalidUserLogin()[pri:0, instance:com.pwj.saucedemo.tests.LoginScenariosDifferentUsers@4470fbd6]" started-at="2025-05-03T22:15:03 IST" name="testInvalidUserLogin" description="Invalid user login should display error" finished-at="2025-05-03T22:15:03 IST" duration-ms="66" status="PASS">
          <reporter-output>
          </reporter-output>
        </test-method> <!-- testInvalidUserLogin -->
        <test-method is-config="true" signature="tearDown(org.testng.ITestResult)[pri:0, instance:com.pwj.saucedemo.tests.LoginScenariosDifferentUsers@4470fbd6]" started-at="2025-05-03T22:15:03 IST" name="tearDown" finished-at="2025-05-03T22:15:03 IST" duration-ms="163" status="PASS">
          <params>
            <param index="0">
              <value>
                <![CDATA[[TestResult name=testInvalidUserLogin status=SUCCESS method=LoginScenariosDifferentUsers.testInvalidUserLogin()[pri:0, instance:com.pwj.saucedemo.tests.LoginScenariosDifferentUsers@4470fbd6] output={null}]]]>
              </value>
            </param>
          </params>
          <reporter-output>
          </reporter-output>
        </test-method> <!-- tearDown -->
      </class> <!-- com.pwj.saucedemo.tests.LoginScenariosDifferentUsers -->
      <class name="com.pwj.saucedemo.tests.SauceDemoInvalidLoginTest">
        <test-method is-config="true" signature="setUp(java.lang.reflect.Method)[pri:0, instance:com.pwj.saucedemo.tests.SauceDemoInvalidLoginTest@147e2ae7]" started-at="2025-05-03T22:14:45 IST" name="setUp" finished-at="2025-05-03T22:14:47 IST" duration-ms="1248" status="PASS">
          <params>
            <param index="0">
              <value>
                <![CDATA[public void com.pwj.saucedemo.tests.SauceDemoInvalidLoginTest.testInvalidLoginShowsErrorMessage()]]>
              </value>
            </param>
          </params>
          <reporter-output>
          </reporter-output>
        </test-method> <!-- setUp -->
        <test-method signature="testInvalidLoginShowsErrorMessage()[pri:0, instance:com.pwj.saucedemo.tests.SauceDemoInvalidLoginTest@147e2ae7]" started-at="2025-05-03T22:14:47 IST" name="testInvalidLoginShowsErrorMessage" finished-at="2025-05-03T22:14:47 IST" duration-ms="78" status="PASS">
          <reporter-output>
          </reporter-output>
        </test-method> <!-- testInvalidLoginShowsErrorMessage -->
        <test-method is-config="true" signature="tearDown(org.testng.ITestResult)[pri:0, instance:com.pwj.saucedemo.tests.SauceDemoInvalidLoginTest@147e2ae7]" started-at="2025-05-03T22:14:47 IST" name="tearDown" finished-at="2025-05-03T22:14:47 IST" duration-ms="166" status="PASS">
          <params>
            <param index="0">
              <value>
                <![CDATA[[TestResult name=testInvalidLoginShowsErrorMessage status=SUCCESS method=SauceDemoInvalidLoginTest.testInvalidLoginShowsErrorMessage()[pri:0, instance:com.pwj.saucedemo.tests.SauceDemoInvalidLoginTest@147e2ae7] output={null}]]]>
              </value>
            </param>
          </params>
          <reporter-output>
          </reporter-output>
        </test-method> <!-- tearDown -->
      </class> <!-- com.pwj.saucedemo.tests.SauceDemoInvalidLoginTest -->
      <class name="com.pwj.saucedemo.tests.SauceDemoStandardUserLogin">
        <test-method is-config="true" signature="setUp(java.lang.reflect.Method)[pri:0, instance:com.pwj.saucedemo.tests.SauceDemoStandardUserLogin@7bbc8656]" started-at="2025-05-03T22:14:41 IST" name="setUp" finished-at="2025-05-03T22:14:45 IST" duration-ms="3722" status="PASS">
          <params>
            <param index="0">
              <value>
                <![CDATA[public void com.pwj.saucedemo.tests.SauceDemoStandardUserLogin.testStandardUserLogin()]]>
              </value>
            </param>
          </params>
          <reporter-output>
          </reporter-output>
        </test-method> <!-- setUp -->
        <test-method signature="testStandardUserLogin()[pri:0, instance:com.pwj.saucedemo.tests.SauceDemoStandardUserLogin@7bbc8656]" started-at="2025-05-03T22:14:45 IST" name="testStandardUserLogin" finished-at="2025-05-03T22:14:45 IST" duration-ms="126" status="PASS">
          <reporter-output>
          </reporter-output>
        </test-method> <!-- testStandardUserLogin -->
        <test-method is-config="true" signature="tearDown(org.testng.ITestResult)[pri:0, instance:com.pwj.saucedemo.tests.SauceDemoStandardUserLogin@7bbc8656]" started-at="2025-05-03T22:14:45 IST" name="tearDown" finished-at="2025-05-03T22:14:45 IST" duration-ms="326" status="PASS">
          <params>
            <param index="0">
              <value>
                <![CDATA[[TestResult name=testStandardUserLogin status=SUCCESS method=SauceDemoStandardUserLogin.testStandardUserLogin()[pri:0, instance:com.pwj.saucedemo.tests.SauceDemoStandardUserLogin@7bbc8656] output={null}]]]>
              </value>
            </param>
          </params>
          <reporter-output>
          </reporter-output>
        </test-method> <!-- tearDown -->
      </class> <!-- com.pwj.saucedemo.tests.SauceDemoStandardUserLogin -->
      <class name="com.pwj.saucedemo.tests.CheckoutFlowTest">
        <test-method is-config="true" signature="setUp(java.lang.reflect.Method)[pri:0, instance:com.pwj.saucedemo.tests.CheckoutFlowTest@15d49048]" started-at="2025-05-03T22:15:03 IST" name="setUp" finished-at="2025-05-03T22:15:05 IST" duration-ms="1353" status="PASS">
          <params>
            <param index="0">
              <value>
                <![CDATA[public void com.pwj.saucedemo.tests.CheckoutFlowTest.testCancelFromOverviewStep()]]>
              </value>
            </param>
          </params>
          <reporter-output>
          </reporter-output>
        </test-method> <!-- setUp -->
        <test-method signature="testCancelFromOverviewStep()[pri:0, instance:com.pwj.saucedemo.tests.CheckoutFlowTest@15d49048]" started-at="2025-05-03T22:15:05 IST" name="testCancelFromOverviewStep" description="Cancel from overview page should return to inventory" finished-at="2025-05-03T22:15:05 IST" duration-ms="340" status="PASS">
          <reporter-output>
          </reporter-output>
        </test-method> <!-- testCancelFromOverviewStep -->
        <test-method is-config="true" signature="tearDown(org.testng.ITestResult)[pri:0, instance:com.pwj.saucedemo.tests.CheckoutFlowTest@15d49048]" started-at="2025-05-03T22:15:05 IST" name="tearDown" finished-at="2025-05-03T22:15:05 IST" duration-ms="168" status="PASS">
          <params>
            <param index="0">
              <value>
                <![CDATA[[TestResult name=testCancelFromOverviewStep status=SUCCESS method=CheckoutFlowTest.testCancelFromOverviewStep()[pri:0, instance:com.pwj.saucedemo.tests.CheckoutFlowTest@15d49048] output={null}]]]>
              </value>
            </param>
          </params>
          <reporter-output>
          </reporter-output>
        </test-method> <!-- tearDown -->
        <test-method is-config="true" signature="setUp(java.lang.reflect.Method)[pri:0, instance:com.pwj.saucedemo.tests.CheckoutFlowTest@15d49048]" started-at="2025-05-03T22:15:05 IST" name="setUp" finished-at="2025-05-03T22:15:06 IST" duration-ms="1222" status="PASS">
          <params>
            <param index="0">
              <value>
                <![CDATA[public void com.pwj.saucedemo.tests.CheckoutFlowTest.testCancelFromStepOne()]]>
              </value>
            </param>
          </params>
          <reporter-output>
          </reporter-output>
        </test-method> <!-- setUp -->
        <test-method signature="testCancelFromStepOne()[pri:0, instance:com.pwj.saucedemo.tests.CheckoutFlowTest@15d49048]" started-at="2025-05-03T22:15:06 IST" name="testCancelFromStepOne" description="Cancel from Step One should return to cart page" finished-at="2025-05-03T22:15:07 IST" duration-ms="254" status="PASS">
          <reporter-output>
          </reporter-output>
        </test-method> <!-- testCancelFromStepOne -->
        <test-method is-config="true" signature="tearDown(org.testng.ITestResult)[pri:0, instance:com.pwj.saucedemo.tests.CheckoutFlowTest@15d49048]" started-at="2025-05-03T22:15:07 IST" name="tearDown" finished-at="2025-05-03T22:15:07 IST" duration-ms="175" status="PASS">
          <params>
            <param index="0">
              <value>
                <![CDATA[[TestResult name=testCancelFromStepOne status=SUCCESS method=CheckoutFlowTest.testCancelFromStepOne()[pri:0, instance:com.pwj.saucedemo.tests.CheckoutFlowTest@15d49048] output={null}]]]>
              </value>
            </param>
          </params>
          <reporter-output>
          </reporter-output>
        </test-method> <!-- tearDown -->
        <test-method is-config="true" signature="setUp(java.lang.reflect.Method)[pri:0, instance:com.pwj.saucedemo.tests.CheckoutFlowTest@15d49048]" started-at="2025-05-03T22:15:07 IST" name="setUp" finished-at="2025-05-03T22:15:08 IST" duration-ms="1370" status="PASS">
          <params>
            <param index="0">
              <value>
                <![CDATA[public void com.pwj.saucedemo.tests.CheckoutFlowTest.testFullCheckoutFlow()]]>
              </value>
            </param>
          </params>
          <reporter-output>
          </reporter-output>
        </test-method> <!-- setUp -->
        <test-method signature="testFullCheckoutFlow()[pri:0, instance:com.pwj.saucedemo.tests.CheckoutFlowTest@15d49048]" started-at="2025-05-03T22:15:08 IST" name="testFullCheckoutFlow" description="Complete checkout from cart to order confirmation" finished-at="2025-05-03T22:15:08 IST" duration-ms="371" status="PASS">
          <reporter-output>
          </reporter-output>
        </test-method> <!-- testFullCheckoutFlow -->
        <test-method is-config="true" signature="tearDown(org.testng.ITestResult)[pri:0, instance:com.pwj.saucedemo.tests.CheckoutFlowTest@15d49048]" started-at="2025-05-03T22:15:08 IST" name="tearDown" finished-at="2025-05-03T22:15:09 IST" duration-ms="176" status="PASS">
          <params>
            <param index="0">
              <value>
                <![CDATA[[TestResult name=testFullCheckoutFlow status=SUCCESS method=CheckoutFlowTest.testFullCheckoutFlow()[pri:0, instance:com.pwj.saucedemo.tests.CheckoutFlowTest@15d49048] output={null}]]]>
              </value>
            </param>
          </params>
          <reporter-output>
          </reporter-output>
        </test-method> <!-- tearDown -->
      </class> <!-- com.pwj.saucedemo.tests.CheckoutFlowTest -->
    </test> <!-- Login and Checkout Tests -->
    <test started-at="2025-05-03T22:15:09 IST" name="Order Placement Tests" finished-at="2025-05-03T22:15:13 IST" duration-ms="4055">
      <class name="com.pwj.saucedemo.tests.Orderplaced_tests.StandardUserOrderTest">
        <test-method is-config="true" signature="setUp(java.lang.reflect.Method)[pri:0, instance:com.pwj.saucedemo.tests.Orderplaced_tests.StandardUserOrderTest@18ece7f4]" started-at="2025-05-03T22:15:09 IST" name="setUp" finished-at="2025-05-03T22:15:10 IST" duration-ms="1491" status="PASS">
          <params>
            <param index="0">
              <value>
                <![CDATA[public void com.pwj.saucedemo.tests.Orderplaced_tests.StandardUserOrderTest.testStandardUserOrderFlow()]]>
              </value>
            </param>
          </params>
          <reporter-output>
          </reporter-output>
        </test-method> <!-- setUp -->
        <test-method signature="testStandardUserOrderFlow()[pri:0, instance:com.pwj.saucedemo.tests.Orderplaced_tests.StandardUserOrderTest@18ece7f4]" started-at="2025-05-03T22:15:10 IST" name="testStandardUserOrderFlow" description="Regression test for standard_user to place a full order successfully" finished-at="2025-05-03T22:15:11 IST" duration-ms="428" status="PASS">
          <reporter-output>
          </reporter-output>
        </test-method> <!-- testStandardUserOrderFlow -->
        <test-method is-config="true" signature="tearDown(org.testng.ITestResult)[pri:0, instance:com.pwj.saucedemo.tests.Orderplaced_tests.StandardUserOrderTest@18ece7f4]" started-at="2025-05-03T22:15:11 IST" name="tearDown" finished-at="2025-05-03T22:15:11 IST" duration-ms="172" status="PASS">
          <params>
            <param index="0">
              <value>
                <![CDATA[[TestResult name=testStandardUserOrderFlow status=SUCCESS method=StandardUserOrderTest.testStandardUserOrderFlow()[pri:0, instance:com.pwj.saucedemo.tests.Orderplaced_tests.StandardUserOrderTest@18ece7f4] output={null}]]]>
              </value>
            </param>
          </params>
          <reporter-output>
          </reporter-output>
        </test-method> <!-- tearDown -->
      </class> <!-- com.pwj.saucedemo.tests.Orderplaced_tests.StandardUserOrderTest -->
      <class name="com.pwj.saucedemo.tests.Orderplaced_tests.VisualUserOrderTest">
        <test-method is-config="true" signature="setUp(java.lang.reflect.Method)[pri:0, instance:com.pwj.saucedemo.tests.Orderplaced_tests.VisualUserOrderTest@3cce57c7]" started-at="2025-05-03T22:15:11 IST" name="setUp" finished-at="2025-05-03T22:15:12 IST" duration-ms="1346" status="PASS">
          <params>
            <param index="0">
              <value>
                <![CDATA[public void com.pwj.saucedemo.tests.Orderplaced_tests.VisualUserOrderTest.testVisualUserOrderFlow()]]>
              </value>
            </param>
          </params>
          <reporter-output>
          </reporter-output>
        </test-method> <!-- setUp -->
        <test-method signature="testVisualUserOrderFlow()[pri:0, instance:com.pwj.saucedemo.tests.Orderplaced_tests.VisualUserOrderTest@3cce57c7]" started-at="2025-05-03T22:15:12 IST" name="testVisualUserOrderFlow" description="Regression test for visual_user to complete an order successfully" finished-at="2025-05-03T22:15:13 IST" duration-ms="428" status="PASS">
          <reporter-output>
          </reporter-output>
        </test-method> <!-- testVisualUserOrderFlow -->
        <test-method is-config="true" signature="tearDown(org.testng.ITestResult)[pri:0, instance:com.pwj.saucedemo.tests.Orderplaced_tests.VisualUserOrderTest@3cce57c7]" started-at="2025-05-03T22:15:13 IST" name="tearDown" finished-at="2025-05-03T22:15:13 IST" duration-ms="185" status="PASS">
          <params>
            <param index="0">
              <value>
                <![CDATA[[TestResult name=testVisualUserOrderFlow status=SUCCESS method=VisualUserOrderTest.testVisualUserOrderFlow()[pri:0, instance:com.pwj.saucedemo.tests.Orderplaced_tests.VisualUserOrderTest@3cce57c7] output={null}]]]>
              </value>
            </param>
          </params>
          <reporter-output>
          </reporter-output>
        </test-method> <!-- tearDown -->
      </class> <!-- com.pwj.saucedemo.tests.Orderplaced_tests.VisualUserOrderTest -->
    </test> <!-- Order Placement Tests -->
  </suite> <!-- SauceDemo Test Suite -->
</testng-results>
